<?xml version="1.0" encoding="UTF-8"?>
<testsuite xmlns:xsi="http://www.w3.org/2001/XMLSchema-instance" xsi:noNamespaceSchemaLocation="https://maven.apache.org/surefire/maven-surefire-plugin/xsd/surefire-test-report-3.0.xsd" version="3.0" name="com.kai.redenvelope.RedisRedEnvelopeApplicationTests" time="3.821" tests="1" errors="0" skipped="0" failures="0">
  <properties>
[...]
</properties>
  <testcase name="contextLoads" classname="com.kai.redenvelope.RedisRedEnvelopeApplicationTests" time="0.463">
    <system-out><![CDATA[18:47:22.927 [main] DEBUG org.springframework.test.context.BootstrapUtils - Instantiating CacheAwareContextLoaderDelegate from class [org.springframework.test.context.cache.DefaultCacheAwareContextLoaderDelegate]
18:47:22.934 [main] DEBUG org.springframework.test.context.BootstrapUtils - Instantiating BootstrapContext using constructor [public org.springframework.test.context.support.DefaultBootstrapContext(java.lang.Class,org.springframework.test.context.CacheAwareContextLoaderDelegate)]
18:47:22.958 [main] DEBUG org.springframework.test.context.BootstrapUtils - Instantiating TestContextBootstrapper for test class [com.kai.redenvelope.RedisRedEnvelopeApplicationTests] from class [org.springframework.boot.test.context.SpringBootTestContextBootstrapper]
18:47:22.967 [main] INFO org.springframework.boot.test.context.SpringBootTestContextBootstrapper - Neither @ContextConfiguration nor @ContextHierarchy found for test class [com.kai.redenvelope.RedisRedEnvelopeApplicationTests], using SpringBootContextLoader
18:47:22.970 [main] DEBUG org.springframework.test.context.support.AbstractContextLoader - Did not detect default resource location for test class [com.kai.redenvelope.RedisRedEnvelopeApplicationTests]: class path resource [com/kai/redenvelope/RedisRedEnvelopeApplicationTests-context.xml] does not exist
18:47:22.970 [main] DEBUG org.springframework.test.context.support.AbstractContextLoader - Did not detect default resource location for test class [com.kai.redenvelope.RedisRedEnvelopeApplicationTests]: class path resource [com/kai/redenvelope/RedisRedEnvelopeApplicationTestsContext.groovy] does not exist
18:47:22.970 [main] INFO org.springframework.test.context.support.AbstractContextLoader - Could not detect default resource locations for test class [com.kai.redenvelope.RedisRedEnvelopeApplicationTests]: no resource found for suffixes {-context.xml, Context.groovy}.
18:47:22.970 [main] INFO org.springframework.test.context.support.AnnotationConfigContextLoaderUtils - Could not detect default configuration classes for test class [com.kai.redenvelope.RedisRedEnvelopeApplicationTests]: RedisRedEnvelopeApplicationTests does not declare any static, non-private, non-final, nested classes annotated with @Configuration.
18:47:23.018 [main] DEBUG org.springframework.test.context.support.ActiveProfilesUtils - Could not find an 'annotation declaring class' for annotation type [org.springframework.test.context.ActiveProfiles] and class [com.kai.redenvelope.RedisRedEnvelopeApplicationTests]
18:47:23.068 [main] DEBUG org.springframework.context.annotation.ClassPathScanningCandidateComponentProvider - Identified candidate component class: file [D:\idea_java project\exp-design\redpacket_redis_java\target\classes\com\kai\redenvelope\RedisRedEnvelopeApplication.class]
18:47:23.069 [main] INFO org.springframework.boot.test.context.SpringBootTestContextBootstrapper - Found @SpringBootConfiguration com.kai.redenvelope.RedisRedEnvelopeApplication for test class com.kai.redenvelope.RedisRedEnvelopeApplicationTests
18:47:23.151 [main] DEBUG org.springframework.boot.test.context.SpringBootTestContextBootstrapper - @TestExecutionListeners is not present for class [com.kai.redenvelope.RedisRedEnvelopeApplicationTests]: using defaults.
18:47:23.151 [main] INFO org.springframework.boot.test.context.SpringBootTestContextBootstrapper - Loaded default TestExecutionListener class names from location [META-INF/spring.factories]: [org.springframework.boot.test.mock.mockito.MockitoTestExecutionListener, org.springframework.boot.test.mock.mockito.ResetMocksTestExecutionListener, org.springframework.boot.test.autoconfigure.restdocs.RestDocsTestExecutionListener, org.springframework.boot.test.autoconfigure.web.client.MockRestServiceServerResetTestExecutionListener, org.springframework.boot.test.autoconfigure.web.servlet.MockMvcPrintOnlyOnFailureTestExecutionListener, org.springframework.boot.test.autoconfigure.web.servlet.WebDriverTestExecutionListener, org.springframework.boot.test.autoconfigure.webservices.client.MockWebServiceServerTestExecutionListener, org.springframework.test.context.web.ServletTestExecutionListener, org.springframework.test.context.support.DirtiesContextBeforeModesTestExecutionListener, org.springframework.test.context.event.ApplicationEventsTestExecutionListener, org.springframework.test.context.support.DependencyInjectionTestExecutionListener, org.springframework.test.context.support.DirtiesContextTestExecutionListener, org.springframework.test.context.transaction.TransactionalTestExecutionListener, org.springframework.test.context.jdbc.SqlScriptsTestExecutionListener, org.springframework.test.context.event.EventPublishingTestExecutionListener]
18:47:23.168 [main] INFO org.springframework.boot.test.context.SpringBootTestContextBootstrapper - Using TestExecutionListeners: [org.springframework.test.context.web.ServletTestExecutionListener@5a18cd76, org.springframework.test.context.support.DirtiesContextBeforeModesTestExecutionListener@3da30852, org.springframework.test.context.event.ApplicationEventsTestExecutionListener@403f0a22, org.springframework.boot.test.mock.mockito.MockitoTestExecutionListener@503ecb24, org.springframework.boot.test.autoconfigure.SpringBootDependencyInjectionTestExecutionListener@4c51cf28, org.springframework.test.context.support.DirtiesContextTestExecutionListener@6995bf68, org.springframework.test.context.transaction.TransactionalTestExecutionListener@5143c662, org.springframework.test.context.jdbc.SqlScriptsTestExecutionListener@77825085, org.springframework.test.context.event.EventPublishingTestExecutionListener@3568f9d2, org.springframework.boot.test.mock.mockito.ResetMocksTestExecutionListener@71c27ee8, org.springframework.boot.test.autoconfigure.restdocs.RestDocsTestExecutionListener@3e7dd664, org.springframework.boot.test.autoconfigure.web.client.MockRestServiceServerResetTestExecutionListener@5b1ebf56, org.springframework.boot.test.autoconfigure.web.servlet.MockMvcPrintOnlyOnFailureTestExecutionListener@294a6b8e, org.springframework.boot.test.autoconfigure.web.servlet.WebDriverTestExecutionListener@4b1d6571, org.springframework.boot.test.autoconfigure.webservices.client.MockWebServiceServerTestExecutionListener@1b835480]
18:47:23.173 [main] DEBUG org.springframework.test.context.support.AbstractDirtiesContextTestExecutionListener - Before test class: context [DefaultTestContext@134d26af testClass = RedisRedEnvelopeApplicationTests, testInstance = [null], testMethod = [null], testException = [null], mergedContextConfiguration = [WebMergedContextConfiguration@66ac5762 testClass = RedisRedEnvelopeApplicationTests, locations = '{}', classes = '{class com.kai.redenvelope.RedisRedEnvelopeApplication}', contextInitializerClasses = '[]', activeProfiles = '{}', propertySourceLocations = '{}', propertySourceProperties = '{org.springframework.boot.test.context.SpringBootTestContextBootstrapper=true}', contextCustomizers = set[org.springframework.boot.test.context.filter.ExcludeFilterContextCustomizer@7ef82753, org.springframework.boot.test.json.DuplicateJsonObjectContextCustomizerFactory$DuplicateJsonObjectContextCustomizer@235ecd9f, org.springframework.boot.test.mock.mockito.MockitoContextCustomizer@0, org.springframework.boot.test.web.client.TestRestTemplateContextCustomizer@79e4c792, org.springframework.boot.test.autoconfigure.actuate.metrics.MetricsExportContextCustomizerFactory$DisableMetricExportContextCustomizer@35dab4eb, org.springframework.boot.test.autoconfigure.properties.PropertyMappingContextCustomizer@0, org.springframework.boot.test.autoconfigure.web.servlet.WebDriverContextCustomizerFactory$Customizer@14028087, org.springframework.boot.test.context.SpringBootTestArgs@1, org.springframework.boot.test.context.SpringBootTestWebEnvironment@7f416310], resourceBasePath = 'src/main/webapp', contextLoader = 'org.springframework.boot.test.context.SpringBootContextLoader', parent = [null]], attributes = map['org.springframework.test.context.web.ServletTestExecutionListener.activateListener' -> true]], class annotated with @DirtiesContext [false] with mode [null].

  .   ____          _            __ _ _
 /\\ / ___'_ __ _ _(_)_ __  __ _ \ \ \ \
( ( )\___ | '_ | '_| | '_ \/ _` | \ \ \ \
 \\/  ___)| |_)| | | | | || (_| |  ) ) ) )
  '  |____| .__|_| |_|_| |_\__, | / / / /
 =========|_|==============|___/=/_/_/_/
 :: Spring Boot ::               (v2.6.13)

2025-03-27 18:47:23.534  INFO 26648 --- [           main] c.k.r.RedisRedEnvelopeApplicationTests   : Starting RedisRedEnvelopeApplicationTests using Java 17.0.11 on Dragon with PID 26648 (started by 朱小龙 in D:\idea_java project\exp-design\redpacket_redis_java)
2025-03-27 18:47:23.536  INFO 26648 --- [           main] c.k.r.RedisRedEnvelopeApplicationTests   : No active profile set, falling back to 1 default profile: "default"
2025-03-27 18:47:24.219  INFO 26648 --- [           main] .s.d.r.c.RepositoryConfigurationDelegate : Multiple Spring Data modules found, entering strict repository configuration mode
2025-03-27 18:47:24.223  INFO 26648 --- [           main] .s.d.r.c.RepositoryConfigurationDelegate : Bootstrapping Spring Data Redis repositories in DEFAULT mode.
2025-03-27 18:47:24.251  INFO 26648 --- [           main] .s.d.r.c.RepositoryConfigurationDelegate : Finished Spring Data repository scanning in 9 ms. Found 0 Redis repository interfaces.
redis初始化-----------------------
Logging initialized using 'class org.apache.ibatis.logging.stdout.StdOutImpl' adapter.
Property 'mapperLocations' was not specified.
2025-03-27 18:47:25.910  INFO 26648 --- [           main] o.s.b.a.w.s.WelcomePageHandlerMapping    : Adding welcome page: class path resource [static/index.html]
2025-03-27 18:47:26.210  INFO 26648 --- [           main] c.k.r.RedisRedEnvelopeApplicationTests   : Started RedisRedEnvelopeApplicationTests in 2.981 seconds (JVM running for 3.796)
]]></system-out>
  </testcase>
</testsuite>